d:\programy\sqltocsv\inventarizacia\inventarizacia\x64\debug\vc143.pdb
d:\programy\sqltocsv\inventarizacia\inventarizacia\x64\debug\vc143.idb
d:\programy\sqltocsv\inventarizacia\inventarizacia\x64\debug\main.obj
d:\programy\sqltocsv\inventarizacia\inventarizacia\x64\debug\data.obj
d:\programy\sqltocsv\inventarizacia\inventarizacia\x64\debug\consolehandler.obj
d:\programy\sqltocsv\inventarizacia\inventarizacia\x64\debug\tools.obj
d:\programy\sqltocsv\inventarizacia\inventarizacia\x64\debug\data.obj.enc
d:\programy\sqltocsv\inventarizacia\x64\debug\inventarizacia.pdb
d:\programy\sqltocsv\inventarizacia\inventarizacia\x64\debug\inventarizacia.tlog\cl.command.1.tlog
d:\programy\sqltocsv\inventarizacia\inventarizacia\x64\debug\inventarizacia.tlog\cl.read.1.tlog
d:\programy\sqltocsv\inventarizacia\inventarizacia\x64\debug\inventarizacia.tlog\cl.write.1.tlog
d:\programy\sqltocsv\inventarizacia\inventarizacia\x64\debug\inventarizacia.tlog\link-cvtres.read.1.tlog
d:\programy\sqltocsv\inventarizacia\inventarizacia\x64\debug\inventarizacia.tlog\link-cvtres.write.1.tlog
d:\programy\sqltocsv\inventarizacia\inventarizacia\x64\debug\inventarizacia.tlog\link-rc.read.1.tlog
d:\programy\sqltocsv\inventarizacia\inventarizacia\x64\debug\inventarizacia.tlog\link-rc.write.1.tlog
d:\programy\sqltocsv\inventarizacia\inventarizacia\x64\debug\inventarizacia.tlog\link.607096-cvtres.read.1.tlog
d:\programy\sqltocsv\inventarizacia\inventarizacia\x64\debug\inventarizacia.tlog\link.607096-cvtres.write.1.tlog
d:\programy\sqltocsv\inventarizacia\inventarizacia\x64\debug\inventarizacia.tlog\link.607096-rc.read.1.tlog
d:\programy\sqltocsv\inventarizacia\inventarizacia\x64\debug\inventarizacia.tlog\link.607096-rc.write.1.tlog
d:\programy\sqltocsv\inventarizacia\inventarizacia\x64\debug\inventarizacia.tlog\link.607096.read.1.tlog
d:\programy\sqltocsv\inventarizacia\inventarizacia\x64\debug\inventarizacia.tlog\link.607096.read.2.tlog
d:\programy\sqltocsv\inventarizacia\inventarizacia\x64\debug\inventarizacia.tlog\link.607096.write.1.tlog
d:\programy\sqltocsv\inventarizacia\inventarizacia\x64\debug\inventarizacia.tlog\link.command.1.tlog
d:\programy\sqltocsv\inventarizacia\inventarizacia\x64\debug\inventarizacia.tlog\link.read.1.tlog
d:\programy\sqltocsv\inventarizacia\inventarizacia\x64\debug\inventarizacia.tlog\link.read.2.tlog
d:\programy\sqltocsv\inventarizacia\inventarizacia\x64\debug\inventarizacia.tlog\link.write.1.tlog
